[2025-May-01 20:05:00.623 +01:00][21999:21999][info ] Logging initialized
[2025-May-01 20:05:00.623 +01:00][21999:21999][info ] Initializing krisp SDK...
[2025-May-01 20:05:00.623 +01:00][21999:21999][info ] DoKrispInitialize
[2025-May-01 20:05:01.422 +01:00][21999:21999][info ] LoadDynamicKrisp
[2025-May-01 20:05:01.422 +01:00][21999:21999][info ] Did not find KRISP_DYLIB_PATH, skipping dynamic loading
[2025-May-01 20:05:01.422 +01:00][21999:21999][info ] Initializing Krisp SDK in PID 21999, addr 0x7f5ac4790d10
[2025-May-01 20:05:01.746 +01:00][21999:21999][info ] Initialized Krisp SDK successfully
[2025-May-01 20:05:01.746 +01:00][21999:21999][info ] Krisp SDK initialized
[2025-May-01 20:05:51.562 +01:00][22705:22705][info ] Logging initialized
[2025-May-01 20:05:51.563 +01:00][22705:22705][info ] Initializing krisp SDK...
[2025-May-01 20:05:51.563 +01:00][22705:22705][info ] DoKrispInitialize
[2025-May-01 20:05:52.851 +01:00][22705:22705][info ] LoadDynamicKrisp
[2025-May-01 20:05:52.857 +01:00][22705:22705][info ] Did not find KRISP_DYLIB_PATH, skipping dynamic loading
[2025-May-01 20:05:52.857 +01:00][22705:22705][info ] Initializing Krisp SDK in PID 22705, addr 0x7fbe0c590d10
[2025-May-01 20:05:53.229 +01:00][22705:22705][info ] Initialized Krisp SDK successfully
[2025-May-01 20:05:53.229 +01:00][22705:22705][info ] Krisp SDK initialized
[2025-May-01 20:05:58.549 +01:00][22705:22705][info ] Logging initialized
[2025-May-01 20:05:58.549 +01:00][22705:22705][info ] Initializing krisp SDK...
[2025-May-01 20:05:58.549 +01:00][22705:22705][info ] Krisp SDK initialized
[2025-May-01 20:08:17.490 +01:00][ 1121: 1121][info ] Logging initialized
[2025-May-01 20:08:17.490 +01:00][ 1121: 1121][info ] Initializing krisp SDK...
[2025-May-01 20:08:17.490 +01:00][ 1121: 1121][info ] DoKrispInitialize
[2025-May-01 20:08:17.951 +01:00][ 1121: 1121][info ] LoadDynamicKrisp
[2025-May-01 20:08:17.951 +01:00][ 1121: 1121][info ] Did not find KRISP_DYLIB_PATH, skipping dynamic loading
[2025-May-01 20:08:17.951 +01:00][ 1121: 1121][info ] Initializing Krisp SDK in PID 1121, addr 0x7f8195190d10
[2025-May-01 20:08:18.205 +01:00][ 1121: 1121][info ] Initialized Krisp SDK successfully
[2025-May-01 20:08:18.205 +01:00][ 1121: 1121][info ] Krisp SDK initialized
[2025-May-01 20:27:06.645 +01:00][ 1121: 1166][info ] KrispNCSetup: sampleRate = 48000, duration = 10
[2025-May-01 20:27:06.645 +01:00][ 1121: 1166][info ] Setting Krisp model: full_NC
[2025-May-01 20:27:06.673 +01:00][ 1121: 1166][info ] KrispVADSetup: sampleRate = 48000, duration = 10
[2025-May-01 23:22:26.735 +01:00][ 1121: 1166][info ] KrispNCReset
[2025-May-01 23:22:26.741 +01:00][ 1121: 1166][info ] KrispNCSetup: sampleRate = 8000, duration = 10
[2025-May-01 23:22:26.741 +01:00][ 1121: 1166][info ] Setting Krisp model: small_NC_8k
[2025-May-01 23:22:26.744 +01:00][ 1121: 1150][info ] KrispVADReset
