5/1/2025, 8:04:25 PM GMT+1 0: 

----------------------------------------------
5/1/2025, 8:04:25 PM GMT+1 1: Discord starting: {"releaseChannel":"stable","version":"0.0.93"}, modulepath: /home/ntaun/.config/discord/0.0.93/modules
5/1/2025, 8:04:25 PM GMT+1 2: ✅ webContents.created web1 ""
5/1/2025, 8:04:25 PM GMT+1 3: ✅ window.created win1 "discord"
5/1/2025, 8:04:26 PM GMT+1 4: ✅ webContents.did-finish-load web1
5/1/2025, 8:04:49 PM GMT+1 5: ✅ webContents.created web2 ""
5/1/2025, 8:04:49 PM GMT+1 6: ✅ window.created win2 "Discord"
5/1/2025, 8:04:57 PM GMT+1 7: ✅ webContents.did-finish-load web2
5/1/2025, 8:04:57 PM GMT+1 8: window.close win1
5/1/2025, 8:04:57 PM GMT+1 9: webContents.destroyed web1
5/1/2025, 8:04:57 PM GMT+1 10: window.closed win1
5/1/2025, 8:05:14 PM GMT+1 11: before-quit
5/1/2025, 8:05:15 PM GMT+1 12: window.close win2
5/1/2025, 8:05:16 PM GMT+1 13: webContents.destroyed web2
5/1/2025, 8:05:16 PM GMT+1 14: window.closed win2
5/1/2025, 8:05:17 PM GMT+1 15: will-quit
5/1/2025, 8:05:20 PM GMT+1 16: quit 0
5/1/2025, 8:05:43 PM GMT+1 0: 

----------------------------------------------
5/1/2025, 8:05:43 PM GMT+1 1: Discord starting: {"releaseChannel":"stable","version":"0.0.93"}, modulepath: /home/ntaun/.config/discord/0.0.93/modules
5/1/2025, 8:05:43 PM GMT+1 2: ✅ webContents.created web1 ""
5/1/2025, 8:05:43 PM GMT+1 3: ✅ window.created win1 "discord"
5/1/2025, 8:05:44 PM GMT+1 4: ✅ webContents.did-finish-load web1
5/1/2025, 8:05:44 PM GMT+1 5: ✅ webContents.created web2 ""
5/1/2025, 8:05:44 PM GMT+1 6: ✅ window.created win2 "Discord"
5/1/2025, 8:05:55 PM GMT+1 7: ❌ webContents.did-fail-load web2" -3 
5/1/2025, 8:06:01 PM GMT+1 8: ✅ webContents.did-finish-load web2
5/1/2025, 8:06:01 PM GMT+1 9: window.close win1
5/1/2025, 8:06:02 PM GMT+1 10: webContents.destroyed web1
5/1/2025, 8:06:02 PM GMT+1 11: window.closed win1
5/1/2025, 8:08:14 PM GMT+1 0: 

----------------------------------------------
5/1/2025, 8:08:14 PM GMT+1 1: Discord starting: {"releaseChannel":"stable","version":"0.0.93"}, modulepath: /home/ntaun/.config/discord/0.0.93/modules
5/1/2025, 8:08:14 PM GMT+1 2: ✅ webContents.created web1 ""
5/1/2025, 8:08:14 PM GMT+1 3: ✅ window.created win1 "discord"
5/1/2025, 8:08:14 PM GMT+1 4: ✅ webContents.did-finish-load web1
5/1/2025, 8:08:15 PM GMT+1 5: ✅ webContents.created web2 ""
5/1/2025, 8:08:15 PM GMT+1 6: ✅ window.created win2 "Discord"
5/1/2025, 8:08:19 PM GMT+1 7: ✅ webContents.did-finish-load web2
5/1/2025, 8:08:19 PM GMT+1 8: window.close win1
5/1/2025, 8:08:19 PM GMT+1 9: webContents.destroyed web1
5/1/2025, 8:08:19 PM GMT+1 10: window.closed win1
5/1/2025, 11:22:35 PM GMT+1 11: window.close win2
5/2/2025, 12:40:24 PM GMT+1 0: 

----------------------------------------------
5/2/2025, 12:40:24 PM GMT+1 1: Discord starting: {"releaseChannel":"stable","version":"0.0.93"}, modulepath: /home/ntaun/.config/discord/0.0.93/modules
5/2/2025, 12:40:31 PM GMT+1 12: window.close win2
5/2/2025, 12:42:09 PM GMT+1 0: 

----------------------------------------------
5/2/2025, 12:42:09 PM GMT+1 1: Discord starting: {"releaseChannel":"stable","version":"0.0.93"}, modulepath: /home/ntaun/.config/discord/0.0.93/modules
